<?xml version="1.0" encoding="UTF-8"?>
<testsuite name="StudentTest" tests="3" skipped="0" failures="0" errors="0" timestamp="2021-10-26T18:39:38" hostname="yang.local" time="0.091">
  <properties/>
  <testcase name="testStudentUsername" classname="StudentTest" time="0.09"/>
  <testcase name="test_module" classname="StudentTest" time="0.001"/>
  <testcase name="testStudentCourse" classname="StudentTest" time="0.0"/>
  <system-out><![CDATA[]]></system-out>
  <system-err><![CDATA[]]></system-err>
</testsuite>
